<?xml version="1.0" encoding="UTF-8"?>
<testsuite xmlns:xsi="http://www.w3.org/2001/XMLSchema-instance" xsi:noNamespaceSchemaLocation="https://maven.apache.org/surefire/maven-surefire-plugin/xsd/surefire-test-report.xsd" name="com.example.HandlerTest" time="4.271" tests="2" errors="0" skipped="0" failures="0">
  <properties>
[...]
</properties>
  <testcase name="testFirst" classname="com.example.HandlerTest" time="0.586"/>
  <testcase name="testCreateLocationResolverWithLocationId" classname="com.example.HandlerTest" time="3.678"/>
</testsuite>